<?xml version="1.0" encoding="UTF-8"?>
<!-- Generated by org.testng.reporters.JUnitReportReporter -->
<testsuite hostname="LAPTOP-6UU6T67A" failures="0" tests="1" name="Maven.SmokeEx" time="0.022" errors="0" timestamp="2023-04-20T18:28:51 IST" skipped="0">
  <testcase classname="Maven.SmokeEx" name="m1" time="0.022"/>
  <system-out/>
</testsuite> <!-- Maven.SmokeEx -->
