<?xml version="1.0" encoding="UTF-8"?>
<!-- Generated by org.testng.reporters.JUnitReportReporter -->
<testsuite hostname="LAPTOP-6UU6T67A" failures="0" tests="1" name="Maven.SmokeExTest" time="0.016" errors="0" timestamp="2023-04-20T18:32:39 IST" skipped="0">
  <testcase classname="Maven.SmokeExTest" name="m1" time="0.016"/>
  <system-out/>
</testsuite> <!-- Maven.SmokeExTest -->
