<?xml version="1.0" encoding="UTF-8"?>
<!-- Generated by org.testng.reporters.JUnitReportReporter -->
<testsuite hostname="LAPTOP-6UU6T67A" failures="0" tests="1" name="Maven.Sampletest" time="0.021" errors="0" timestamp="2023-04-18T20:35:12 IST" skipped="0">
  <testcase classname="Maven.Sampletest" name="test" time="0.021"/>
  <system-out/>
</testsuite> <!-- Maven.Sampletest -->
