<?xml version="1.0" encoding="UTF-8"?>
<!-- Generated by org.testng.reporters.JUnitReportReporter -->
<testsuite hostname="LAPTOP-6UU6T67A" failures="0" tests="1" name="Maven.LaunchingBrowser" time="0.015" errors="0" timestamp="2023-04-18T20:09:03 IST" skipped="0">
  <testcase classname="Maven.LaunchingBrowser" name="method" time="0.015"/>
  <system-out/>
</testsuite> <!-- Maven.LaunchingBrowser -->
