<?xml version="1.0" encoding="UTF-8"?>
<!-- Generated by org.testng.reporters.JUnitReportReporter -->
<testsuite hostname="LAPTOP-6UU6T67A" failures="0" tests="1" name="Maven.LaunchingBrowsertest" time="12.761" errors="0" timestamp="2023-04-18T20:26:01 IST" skipped="0">
  <testcase classname="Maven.LaunchingBrowsertest" name="method" time="12.761"/>
  <system-out/>
</testsuite> <!-- Maven.LaunchingBrowsertest -->
